  Game.cpp
  Main.cpp
D:\CARO-GAME\CARO\CARO\Main.cpp(9,45): warning C4566: character represented by universal-character-name '\u0110' cannot be represented in the current code page (1252)
D:\CARO-GAME\CARO\CARO\Main.cpp(9,45): warning C4566: character represented by universal-character-name '\u1ED2' cannot be represented in the current code page (1252)
  Menu.cpp
D:\CARO-GAME\CARO\CARO\Menu.cpp(92,60): warning C4838: conversion from 'int' to 'float' requires a narrowing conversion
D:\CARO-GAME\CARO\CARO\Menu.cpp(92,60): warning C4244: 'initializing': conversion from 'int' to 'float', possible loss of data
D:\CARO-GAME\CARO\CARO\Menu.cpp(92,82): warning C4838: conversion from 'int' to 'float' requires a narrowing conversion
D:\CARO-GAME\CARO\CARO\Menu.cpp(92,82): warning C4244: 'initializing': conversion from 'int' to 'float', possible loss of data
D:\CARO-GAME\CARO\CARO\Menu.cpp(93,64): warning C4838: conversion from 'int' to 'float' requires a narrowing conversion
D:\CARO-GAME\CARO\CARO\Menu.cpp(93,64): warning C4244: 'initializing': conversion from 'int' to 'float', possible loss of data
D:\CARO-GAME\CARO\CARO\Menu.cpp(93,86): warning C4838: conversion from 'int' to 'float' requires a narrowing conversion
D:\CARO-GAME\CARO\CARO\Menu.cpp(93,86): warning C4244: 'initializing': conversion from 'int' to 'float', possible loss of data
D:\CARO-GAME\CARO\CARO\Menu.cpp(116,59): warning C4305: 'argument': truncation from 'double' to 'float'
  View.cpp
D:\CARO-GAME\CARO\CARO\View.cpp(88,29): warning C4244: 'initializing': conversion from 'int' to 'float', possible loss of data
D:\CARO-GAME\CARO\CARO\View.cpp(89,29): warning C4244: 'initializing': conversion from 'int' to 'float', possible loss of data
D:\CARO-GAME\CARO\CARO\View.cpp(91,47): warning C4244: 'argument': conversion from 'float' to 'int', possible loss of data
D:\CARO-GAME\CARO\CARO\View.cpp(91,40): warning C4244: 'argument': conversion from 'float' to 'int', possible loss of data
D:\CARO-GAME\CARO\CARO\View.cpp(98,25): warning C4566: character represented by universal-character-name '\u01B0' cannot be represented in the current code page (1252)
D:\CARO-GAME\CARO\CARO\View.cpp(98,25): warning C4566: character represented by universal-character-name '\u1EE3' cannot be represented in the current code page (1252)
D:\CARO-GAME\CARO\CARO\View.cpp(98,25): warning C4566: character represented by universal-character-name '\u1EE7' cannot be represented in the current code page (1252)
D:\CARO-GAME\CARO\CARO\View.cpp(99,14): warning C4566: character represented by universal-character-name '\u1EA5' cannot be represented in the current code page (1252)
D:\CARO-GAME\CARO\CARO\View.cpp(99,14): warning C4566: character represented by universal-character-name '\u0111' cannot be represented in the current code page (1252)
D:\CARO-GAME\CARO\CARO\View.cpp(99,14): warning C4566: character represented by universal-character-name '\u1EC3' cannot be represented in the current code page (1252)
  Generating Code...
LINK : warning LNK4098: defaultlib 'MSVCRT' conflicts with use of other libs; use /NODEFAULTLIB:library
  CARO.vcxproj -> D:\CARO-GAME\CARO\x64\Debug\CARO.exe
