  Game.cpp
E:\CARO_GAME\CARO-GAME\CARO\CARO\Game.cpp(37,19): warning C4244: 'initializing': conversion from 'float' to 'int', possible loss of data
E:\CARO_GAME\CARO-GAME\CARO\CARO\Game.cpp(38,19): warning C4244: 'initializing': conversion from 'float' to 'int', possible loss of data
  Main.cpp
E:\CARO_GAME\CARO-GAME\CARO\CARO\Main.cpp(9,45): warning C4566: character represented by universal-character-name '\u0110' cannot be represented in the current code page (1252)
E:\CARO_GAME\CARO-GAME\CARO\CARO\Main.cpp(9,45): warning C4566: character represented by universal-character-name '\u1ED2' cannot be represented in the current code page (1252)
  Menu.cpp
E:\CARO_GAME\CARO-GAME\CARO\CARO\Menu.cpp(95,60): warning C4838: conversion from 'int' to 'float' requires a narrowing conversion
E:\CARO_GAME\CARO-GAME\CARO\CARO\Menu.cpp(95,60): warning C4244: 'initializing': conversion from 'int' to 'float', possible loss of data
E:\CARO_GAME\CARO-GAME\CARO\CARO\Menu.cpp(95,82): warning C4838: conversion from 'int' to 'float' requires a narrowing conversion
E:\CARO_GAME\CARO-GAME\CARO\CARO\Menu.cpp(95,82): warning C4244: 'initializing': conversion from 'int' to 'float', possible loss of data
E:\CARO_GAME\CARO-GAME\CARO\CARO\Menu.cpp(96,64): warning C4838: conversion from 'int' to 'float' requires a narrowing conversion
E:\CARO_GAME\CARO-GAME\CARO\CARO\Menu.cpp(96,64): warning C4244: 'initializing': conversion from 'int' to 'float', possible loss of data
E:\CARO_GAME\CARO-GAME\CARO\CARO\Menu.cpp(96,86): warning C4838: conversion from 'int' to 'float' requires a narrowing conversion
E:\CARO_GAME\CARO-GAME\CARO\CARO\Menu.cpp(96,86): warning C4244: 'initializing': conversion from 'int' to 'float', possible loss of data
E:\CARO_GAME\CARO-GAME\CARO\CARO\Menu.cpp(119,59): warning C4305: 'argument': truncation from 'double' to 'float'
  View.cpp
E:\CARO_GAME\CARO-GAME\CARO\CARO\View.cpp(81,29): warning C4244: 'initializing': conversion from 'int' to 'float', possible loss of data
E:\CARO_GAME\CARO-GAME\CARO\CARO\View.cpp(82,29): warning C4244: 'initializing': conversion from 'int' to 'float', possible loss of data
E:\CARO_GAME\CARO-GAME\CARO\CARO\View.cpp(84,47): warning C4244: 'argument': conversion from 'float' to 'int', possible loss of data
E:\CARO_GAME\CARO-GAME\CARO\CARO\View.cpp(84,40): warning C4244: 'argument': conversion from 'float' to 'int', possible loss of data
E:\CARO_GAME\CARO-GAME\CARO\CARO\View.cpp(91,25): warning C4566: character represented by universal-character-name '\u01B0' cannot be represented in the current code page (1252)
E:\CARO_GAME\CARO-GAME\CARO\CARO\View.cpp(91,25): warning C4566: character represented by universal-character-name '\u1EE3' cannot be represented in the current code page (1252)
E:\CARO_GAME\CARO-GAME\CARO\CARO\View.cpp(91,25): warning C4566: character represented by universal-character-name '\u1EE7' cannot be represented in the current code page (1252)
E:\CARO_GAME\CARO-GAME\CARO\CARO\View.cpp(92,14): warning C4566: character represented by universal-character-name '\u1EA5' cannot be represented in the current code page (1252)
E:\CARO_GAME\CARO-GAME\CARO\CARO\View.cpp(92,14): warning C4566: character represented by universal-character-name '\u0111' cannot be represented in the current code page (1252)
E:\CARO_GAME\CARO-GAME\CARO\CARO\View.cpp(92,14): warning C4566: character represented by universal-character-name '\u1EC3' cannot be represented in the current code page (1252)
  Generating code
  0 of 305 functions ( 0.0%) were compiled, the rest were copied from previous compilation.
    0 functions were new in current compilation
    0 functions had inline decision re-evaluated but remain unchanged
  Finished generating code
  CARO.vcxproj -> E:\CARO_GAME\CARO-GAME\CARO\x64\Release\CARO.exe
